<?xml version="1.0" encoding="UTF-8"?>
<!-- Generated by org.testng.reporters.JUnitReportReporter -->
<testsuite hostname="DESKTOP-U8IID9Q" failures="0" tests="1" name="testcases.Loginapplication" time="66.308" errors="0" timestamp="2021-03-16T16:12:12 IST" skipped="0">
  <testcase classname="testcases.Loginapplication" name="login" time="66.308"/>
  <system-out/>
</testsuite> <!-- testcases.Loginapplication -->
